[2025-08-26 14:47:54] REQ BODY: 
[2025-08-26 14:47:54] BAD JSON
[2025-08-26 14:48:19] REQ BODY: 
[2025-08-26 14:48:19] BAD JSON
[2025-08-26 15:01:24] REQ BODY: 
[2025-08-26 15:01:24] BAD JSON
[2025-08-26 15:01:25] REQ BODY: 
[2025-08-26 15:01:25] BAD JSON
[2025-08-26 15:01:33] REQ BODY: 
[2025-08-26 15:01:33] BAD JSON
[2025-08-26 15:09:13] REQ BODY: {
  "account": "user001@example.com",
  "password": "@Pssw0rd!",
  "name": "測試用戶",
  "birthday": "1990-01-01",
  "about": "demo",
  "email": "user001@example.com",
  "phone": "0912345678",
  "role_id": 0
}

[2025-08-26 15:09:13] RESP(500): {"success":false,"code":500,"message":"InvalidDataAccessResourceUsageException: could not extract ResultSet; SQL [n/a]","data":null}
[2025-08-26 15:09:17] REQ BODY: {
  "account": "user001@example.com",
  "password": "@Pssw0rd!",
  "name": "測試用戶",
  "birthday": "1990-01-01",
  "about": "demo",
  "email": "user001@example.com",
  "phone": "0912345678",
  "role_id": 0
}

[2025-08-26 15:09:17] RESP(500): {"success":false,"code":500,"message":"InvalidDataAccessResourceUsageException: could not extract ResultSet; SQL [n/a]","data":null}
[2025-08-26 15:09:25] REQ BODY: 
[2025-08-26 15:09:25] BAD JSON
[2025-08-26 15:09:38] REQ BODY: 
[2025-08-26 15:09:38] BAD JSON
[2025-08-26 15:12:42] Content-Type: 
[2025-08-26 15:12:42] RAW LEN: 0
[2025-08-26 15:12:42] REQ BODY: 
[2025-08-26 15:12:42] BAD JSON: Syntax error
[2025-08-26 15:13:02] Content-Type: application/json
[2025-08-26 15:13:02] RAW LEN: 224
[2025-08-26 15:13:02] REQ BODY: {
  "account": "user001@example.com",
  "password": "@Pssw0rd!",
  "name": "測試用戶",
  "birthday": "1990-01-01",
  "about": "demo",
  "email": "user001@example.com",
  "phone": "0912345678",
  "role_id": 0
}

[2025-08-26 15:13:02] RESP(500): {"success":false,"code":500,"message":"InvalidDataAccessResourceUsageException: could not extract ResultSet; SQL [n/a]","data":null}
[2025-08-26 15:29:59] Content-Type: 
[2025-08-26 15:29:59] RAW LEN: 0
[2025-08-26 15:29:59] REQ BODY: 
[2025-08-26 15:29:59] BAD JSON: Syntax error
[2025-08-26 15:30:04] Content-Type: 
[2025-08-26 15:30:04] RAW LEN: 0
[2025-08-26 15:30:04] REQ BODY: 
[2025-08-26 15:30:04] BAD JSON: Syntax error
[2025-08-26 15:30:05] Content-Type: 
[2025-08-26 15:30:05] RAW LEN: 0
[2025-08-26 15:30:05] REQ BODY: 
[2025-08-26 15:30:05] BAD JSON: Syntax error
[2025-08-26 15:30:10] Content-Type: 
[2025-08-26 15:30:10] RAW LEN: 0
[2025-08-26 15:30:10] REQ BODY: 
[2025-08-26 15:30:10] BAD JSON: Syntax error
[2025-08-26 15:32:33] Content-Type: application/json
[2025-08-26 15:32:33] RAW LEN: 224
[2025-08-26 15:32:33] REQ BODY: {
  "account": "user001@example.com",
  "password": "@Pssw0rd!",
  "name": "測試用戶",
  "birthday": "1990-01-01",
  "about": "demo",
  "email": "user001@example.com",
  "phone": "0912345678",
  "role_id": 0
}

[2025-08-26 15:32:33] RESP(500): {"success":false,"code":500,"message":"InvalidDataAccessResourceUsageException: could not extract ResultSet; SQL [n/a]","data":null}
[2025-08-26 15:35:13] Content-Type: 
[2025-08-26 15:35:13] RAW LEN: 0
[2025-08-26 15:35:13] REQ BODY: 
[2025-08-26 15:35:13] BAD JSON: Syntax error
[2025-08-26 15:35:15] Content-Type: 
[2025-08-26 15:35:15] RAW LEN: 0
[2025-08-26 15:35:15] REQ BODY: 
[2025-08-26 15:35:15] BAD JSON: Syntax error
[2025-08-26 15:38:08] Content-Type: 
[2025-08-26 15:38:08] RAW LEN: 0
[2025-08-26 15:38:08] REQ BODY: 
[2025-08-26 15:38:08] BAD JSON: Syntax error
[2025-08-26 15:38:09] Content-Type: 
[2025-08-26 15:38:09] RAW LEN: 0
[2025-08-26 15:38:09] REQ BODY: 
[2025-08-26 15:38:09] BAD JSON: Syntax error
[2025-08-26 15:38:10] Content-Type: 
[2025-08-26 15:38:10] RAW LEN: 0
[2025-08-26 15:38:10] REQ BODY: 
[2025-08-26 15:38:10] BAD JSON: Syntax error
[2025-08-26 15:38:10] Content-Type: 
[2025-08-26 15:38:10] RAW LEN: 0
[2025-08-26 15:38:10] REQ BODY: 
[2025-08-26 15:38:10] BAD JSON: Syntax error
[2025-08-26 15:38:10] Content-Type: 
[2025-08-26 15:38:10] RAW LEN: 0
[2025-08-26 15:38:10] REQ BODY: 
[2025-08-26 15:38:10] BAD JSON: Syntax error
[2025-08-26 15:44:31] BAD METHOD: GET
[2025-08-26 15:44:49] BAD METHOD: GET
[2025-08-26 15:44:50] BAD METHOD: GET
[2025-08-26 15:44:55] BAD METHOD: GET
[2025-08-26 15:44:59] BAD METHOD: GET
[2025-08-26 22:32:54] BAD METHOD: GET
[2025-08-26 22:32:55] BAD METHOD: GET
[2025-08-26 22:33:03] BAD METHOD: GET
