[2025-08-14T12:56:42+08:00] REQ BODY: {
  "account": "user001",
  "password": "P@ssw0rd!",
  "name": "測試用戶",
  "birthday": "1990-01-01",
  "about": "demo",
  "email": "user001@example.com",
  "phone": "0912345678",
  "role_id": 0
}

[2025-08-14T12:56:42+08:00] RESP(500): {"success":false,"code":500,"message":"InvalidDataAccessResourceUsageException: could not extract ResultSet; SQL [n/a]","data":null}
[2025-08-14T12:57:28+08:00] REQ BODY: {
  "account": "user001",
  "password": "P@ssw0rd!",
  "name": "測試用戶",
  "birthday": "1990-01-01",
  "about": "demo",
  "email": "user001@example.com",
  "phone": "0912345678",
  "role_id": 0
}

[2025-08-14T12:57:28+08:00] RESP(500): {"success":false,"code":500,"message":"InvalidDataAccessResourceUsageException: could not extract ResultSet; SQL [n/a]","data":null}
[2025-08-14T20:28:13+08:00] REQ BODY: {"account":"test@example.com","password":"123456","name":"連","birthday":"2000-01-01","about":"Brand=Tesla; Model=Model_Y","email":"test@example.com","phone":"","role_id":0}
[2025-08-14T20:28:13+08:00] RESP(500): {"success":false,"code":500,"message":"InvalidDataAccessResourceUsageException: could not extract ResultSet; SQL [n/a]","data":null}
[2025-08-14T20:28:13+08:00] REQ BODY: {"account":"test@example.com","password":"123456","name":"連","birthday":"1990-01-01","about":"Tesla Model_Y","email":"test@example.com","role_id":0}
[2025-08-14T20:28:13+08:00] RESP(500): {"success":false,"code":500,"message":"InvalidDataAccessResourceUsageException: could not extract ResultSet; SQL [n/a]","data":null}
[2025-08-14T20:28:14+08:00] REQ BODY: {"account":"test@example.com","password":"123456","name":"連","birthday":"2000-01-01","about":"Brand=Tesla; Model=Model_Y","email":"test@example.com","phone":"","role_id":0}
[2025-08-14T20:28:15+08:00] RESP(500): {"success":false,"code":500,"message":"InvalidDataAccessResourceUsageException: could not extract ResultSet; SQL [n/a]","data":null}
