[2025-08-12T12:46:25+00:00]
REQUEST: {"account":"WWW111","password":"********11"}
META: {"http":200,"errNo":0,"err":""}
RESPONSE: {"success":false,"code":9999,"message":"登錄時失敗","data":null}

[2025-08-12T13:21:18+00:00]
REQUEST: {"account":"WWW111","password":"********11"}
META: {"http":200,"errNo":0,"err":""}
RESPONSE: {"success":false,"code":9999,"message":"登錄時失敗","data":null}

[2025-08-12T13:21:21+00:00]
REQUEST: {"account":"WWW111","password":"********11"}
META: {"http":200,"errNo":0,"err":""}
RESPONSE: {"success":false,"code":9999,"message":"登錄時失敗","data":null}

[2025-08-12T13:22:04+00:00]
REQUEST: {"account":"WWW111","password":"********11"}
META: {"http":200,"errNo":0,"err":""}
RESPONSE: {"success":false,"code":9999,"message":"登錄時失敗","data":null}

[2025-08-12T13:24:01+00:00]
REQUEST: {"account":"WWW111","password":"********11"}
META: {"http":200,"errNo":0,"err":""}
RESPONSE: {"success":false,"code":9999,"message":"登錄時失敗","data":null}

[2025-08-13T05:18:37+00:00]
REQUEST: {"account":"WWW111","password":"********11"}
META: {"http":200,"errNo":0,"err":""}
RESPONSE: {"success":false,"code":9999,"message":"登錄時失敗","data":null}

[2025-08-13T13:32:51+00:00]
REQUEST: {"account":"WWW111","password":"********11"}
META: {"http":200,"errNo":0,"err":""}
RESPONSE: {"success":false,"code":9999,"message":"登錄時失敗","data":null}

[2025-08-13T13:32:52+00:00]
REQUEST: {"account":"WWW111","password":"********11"}
META: {"http":200,"errNo":0,"err":""}
RESPONSE: {"success":false,"code":9999,"message":"登錄時失敗","data":null}

[2025-08-13T13:33:13+00:00]
REQUEST: {"account":"WWW111","password":"********11"}
META: {"http":200,"errNo":0,"err":""}
RESPONSE: {"success":false,"code":9999,"message":"登錄時失敗","data":null}

[2025-08-13T13:33:14+00:00]
REQUEST: {"account":"WWW111","password":"********11"}
META: {"http":200,"errNo":0,"err":""}
RESPONSE: {"success":false,"code":9999,"message":"登錄時失敗","data":null}

[2025-08-13T13:33:14+00:00]
REQUEST: {"account":"WWW111","password":"********11"}
META: {"http":200,"errNo":0,"err":""}
RESPONSE: {"success":false,"code":9999,"message":"登錄時失敗","data":null}

[2025-08-13T13:33:14+00:00]
REQUEST: {"account":"WWW111","password":"********11"}
META: {"http":200,"errNo":0,"err":""}
RESPONSE: {"success":false,"code":9999,"message":"登錄時失敗","data":null}

[2025-08-13T13:33:16+00:00]
REQUEST: {"account":"WWW111","password":"********11"}
META: {"http":200,"errNo":0,"err":""}
RESPONSE: {"success":false,"code":9999,"message":"登錄時失敗","data":null}

[2025-08-13T13:33:16+00:00]
REQUEST: {"account":"WWW111","password":"********11"}
META: {"http":200,"errNo":0,"err":""}
RESPONSE: {"success":false,"code":9999,"message":"登錄時失敗","data":null}

[2025-08-13T13:37:18+00:00]
REQUEST: {"account":"test@example.com","password":"****56"}
META: {"http":200,"errNo":0,"err":""}
RESPONSE: {"success":false,"code":9999,"message":"登錄時失敗","data":null}

[2025-08-13T13:37:19+00:00]
REQUEST: {"account":"test@example.com","password":"****56"}
META: {"http":200,"errNo":0,"err":""}
RESPONSE: {"success":false,"code":9999,"message":"登錄時失敗","data":null}

[2025-08-13T13:37:20+00:00]
REQUEST: {"account":"test@example.com","password":"****56"}
META: {"http":200,"errNo":0,"err":""}
RESPONSE: {"success":false,"code":9999,"message":"登錄時失敗","data":null}

[2025-08-13T13:37:21+00:00]
REQUEST: {"account":"test@example.com","password":"****56"}
META: {"http":200,"errNo":0,"err":""}
RESPONSE: {"success":false,"code":9999,"message":"登錄時失敗","data":null}

[2025-08-13T13:37:21+00:00]
REQUEST: {"account":"test@example.com","password":"****56"}
META: {"http":200,"errNo":0,"err":""}
RESPONSE: {"success":false,"code":9999,"message":"登錄時失敗","data":null}

[2025-08-13T13:37:26+00:00]
REQUEST: {"account":"WWW111","password":"****56"}
META: {"http":200,"errNo":0,"err":""}
RESPONSE: {"success":false,"code":9999,"message":"登錄時失敗","data":null}

[2025-08-13T13:37:31+00:00]
REQUEST: {"account":"WWW111","password":"********11"}
META: {"http":200,"errNo":0,"err":""}
RESPONSE: {"success":false,"code":9999,"message":"登錄時失敗","data":null}

[2025-08-13T13:38:25+00:00]
REQUEST: {"account":"WWW111","password":"****56"}
META: {"http":200,"errNo":0,"err":""}
RESPONSE: {"success":false,"code":9999,"message":"登錄時失敗","data":null}

[2025-08-14T04:57:21+00:00]
REQUEST: {"account":"WWW111","password":"********11"}
META: {"http":200,"errNo":0,"err":""}
RESPONSE: {"success":false,"code":9999,"message":"登錄時失敗","data":null}

[2025-09-09T15:26:09+00:00]
REQUEST: {"account":"WWW111","password":"********11"}
META: {"http":200,"errNo":0,"err":""}
RESPONSE: {"success":false,"code":9999,"message":"用戶名或密碼錯誤","data":null}

[2025-09-09T17:09:04+00:00]
REQUEST: {"account":"user_1724670000000","password":"*******d!"}
META: {"http":200,"errNo":0,"err":""}
RESPONSE: {"success":true,"code":20000,"message":"成功","data":"eyJ0eXAiOiJKV1QiLCJhbGciOiJIUzI1NiJ9.eyJyb2xlSWQiOjMsImV4cCI6MTg4MTg1Mzc0MywidXNlcklkIjoxLCJ1dWlkIjoiMGYxMTUxMDUtZDg5ZC00ODU1LWE1OGItZDYyOWNmYjEzNTU0IiwidXNlcm5hbWUiOiJ1c2VyXzE3MjQ2NzAwMDAwMDAifQ.tM2IxcFbV1jwB8LJ6LxdiG2tO43JDpbjbbwe0jCToBo"}

